<?xml version="1.0" encoding="UTF-8"?>
<!-- Generated by org.testng.reporters.JUnitReportReporter -->
<testsuite hostname="Raghu" failures="0" tests="4" name="testNG.skipTestCase" time="0.022" errors="0" timestamp="2025-07-15T14:23:52 IST" skipped="1">
  <testcase classname="testNG.skipTestCase" name="startTheCar" time="0.014"/>
  <testcase classname="testNG.skipTestCase" name="putfirstGear" time="0.004"/>
  <testcase classname="testNG.skipTestCase" name="putSecondGear" time="0.004"/>
  <testcase classname="testNG.skipTestCase" name="musicOn">
    <skipped/>
  </testcase> <!-- musicOn -->
</testsuite> <!-- testNG.skipTestCase -->
