<?xml version="1.0" encoding="UTF-8"?>
<!-- Generated by org.testng.reporters.JUnitReportReporter -->
<testsuite hostname="Raghu" failures="0" tests="3" name="testNG.DependanciesManagement" time="0.024" errors="0" timestamp="2025-07-15T14:37:34 IST" skipped="0">
  <testcase classname="testNG.DependanciesManagement" name="engineering" time="0.002"/>
  <testcase classname="testNG.DependanciesManagement" name="higherSecSchool" time="0.003"/>
  <testcase classname="testNG.DependanciesManagement" name="highSchool" time="0.019"/>
</testsuite> <!-- testNG.DependanciesManagement -->
