<?xml version="1.0" encoding="UTF-8"?>
<!-- Generated by org.testng.reporters.JUnitReportReporter -->
<testsuite hostname="Raghu" failures="0" tests="3" name="testNG.TestSuite" time="13.016" errors="0" timestamp="2025-07-17T16:42:45 IST" skipped="0">
  <testcase classname="testNG.TestSuite" name="openGoogle" time="4.009"/>
  <testcase classname="testNG.TestSuite" name="openBing" time="4.853"/>
  <testcase classname="testNG.TestSuite" name="openFireFox" time="4.154"/>
</testsuite> <!-- testNG.TestSuite -->
