<?xml version="1.0" encoding="UTF-8"?>
<!-- Generated by org.testng.reporters.JUnitReportReporter -->
<testsuite hostname="Raghu" failures="0" tests="1" name="testNG.FirstTestCase" time="0.010" errors="0" timestamp="2025-07-15T12:54:09 IST" skipped="0">
  <testcase classname="testNG.FirstTestCase" name="secondtestcase" time="0.010"/>
</testsuite> <!-- testNG.FirstTestCase -->
